#
# An unexpected error has been detected by Java Runtime Environment:
#
#  EXCEPTION_ACCESS_VIOLATION (0xc0000005) at pc=0x000000006d8ec47b, pid=16152, tid=19448
#
# Java VM: Java HotSpot(TM) 64-Bit Server VM (11.2-b01 mixed mode windows-amd64)
# Problematic frame:
# V  [jvm.dll+0xfc47b]
#
# If you would like to submit a bug report, please visit:
#   http://java.sun.com/webapps/bugreport/crash.jsp
#

---------------  T H R E A D  ---------------

Current thread (0x000000004f5cac00):  JavaThread "AWT-EventQueue-0" [_thread_in_vm, id=19448, stack(0x00000000507a0000,0x0000000050820000)]

siginfo: ExceptionCode=0xc0000005, reading address 0x00000000db8e0799

Registers:
EAX=0x0000000018cb0988, EBX=0x0000000018cffe40, ECX=0x0000000015d10268, EDX=0x000000000000009b
ESP=0x000000005081ed60, EBP=0x000000005081f308, ESI=0x0000000018cb0988, EDI=0x000000004f55a978
EIP=0x000000006d8ec47b, EFLAGS=0x0000000000010202

Top of Stack: (sp=0x000000005081ed60)
0x000000005081ed60:   000000006dc65b10 000000004f55a9a0
0x000000005081ed70:   000000001e9f14a8 0000000000000000
0x000000005081ed80:   0000000000000000 000000003c734b48
0x000000005081ed90:   000000004f55a998 000000005081ef90
0x000000005081eda0:   000000004f5cadc0 0000000000000000
0x000000005081edb0:   000000005081f240 000000003c734ba8
0x000000005081edc0:   00000000fffffff8 00000000fffffff8
0x000000005081edd0:   000000003c733860 000000003c72fdf8
0x000000005081ede0:   000000005081ede0 0000000000000000
0x000000005081edf0:   000000005081ede0 00000000167f5fa7
0x000000005081ee00:   000000005081ee48 00000000168f12e8
0x000000005081ee10:   0000000000000000 00000000167f5fb0
0x000000005081ee20:   0000000000000000 000000005081ee40
0x000000005081ee30:   000000005081eea0 0000000012d133c2
0x000000005081ee40:   000000003c7357c8 000000003c72fdf8
0x000000005081ee50:   0000000000000000 0000000000000000 

Instructions: (pc=0x000000006d8ec47b)
0x000000006d8ec46b:   8b 5c f8 38 48 8b 4b 08 4c 8b 49 10 48 83 c1 10
0x000000006d8ec47b:   41 ff 91 18 01 00 00 84 c0 74 08 48